<?xml version="1.0" encoding="UTF-8"?>
<!-- Generated by org.testng.reporters.JUnitXMLReporter -->
<testsuite ignored="0" hostname="DESKTOP-LFRK7HV" failures="0" tests="6" name="Default test" time="0.176" errors="0" timestamp="2020-06-24T17:24:05 SGT">
  <testcase classname="mavenintroduction.Mavenjava.Appium" name="iosApps" time="0.039"/>
  <testcase classname="mavenintroduction.Mavenjava.Appium" name="nativeAppAndroid" time="0.005"/>
  <testcase classname="mavenintroduction.Mavenjava.Selenium" name="browserAutomation" time="0.002"/>
  <testcase classname="mavenintroduction.Mavenjava.Selenium" name="elementUi" time="0.003"/>
  <testcase classname="mavenintroduction.Mavenjava.RestApi" name="deleteTwitter" time="0.009"/>
  <testcase classname="mavenintroduction.Mavenjava.RestApi" name="postJeera" time="0.004"/>
</testsuite> <!-- Default test -->
