<?xml version="1.0" encoding="UTF-8"?>
<!-- Generated by org.testng.reporters.JUnitXMLReporter -->
<testsuite ignored="0" hostname="DESKTOP-LFRK7HV" failures="0" tests="6" name="Command line test" time="0.239" errors="0" timestamp="2020-06-24T21:39:10 SGT">
  <testcase classname="mavenintroduction.Mavenjava.AppiumTest" name="iosApps" time="0.011"/>
  <testcase classname="mavenintroduction.Mavenjava.AppiumTest" name="nativeAppAndroid" time="0.011"/>
  <testcase classname="mavenintroduction.Mavenjava.RestApiTest" name="deleteTwitter" time="0.002"/>
  <testcase classname="mavenintroduction.Mavenjava.RestApiTest" name="postJeera" time="0.004"/>
  <testcase classname="mavenintroduction.Mavenjava.SeleniumTest" name="browserAutomation" time="0.0"/>
  <testcase classname="mavenintroduction.Mavenjava.SeleniumTest" name="elementUi" time="0.001"/>
</testsuite> <!-- Command line test -->
