<?xml version="1.0" encoding="UTF-8"?>
<testng-results ignored="1" total="6" passed="5" failed="0" skipped="0">
  <reporter-output>
  </reporter-output>
  <suite started-at="2020-06-24T21:30:29 SGT" name="Suite" finished-at="2020-06-24T21:30:29 SGT" duration-ms="192">
    <groups>
    </groups>
    <test started-at="2020-06-24T21:30:29 SGT" name="Test" finished-at="2020-06-24T21:30:29 SGT" duration-ms="192">
      <class name="mavenintroduction.Mavenjava.SeleniumTest">
        <test-method signature="elementUi()[pri:0, instance:mavenintroduction.Mavenjava.SeleniumTest@60dcc9fe]" started-at="2020-06-24T21:30:29 SGT" name="elementUi" finished-at="2020-06-24T21:30:29 SGT" duration-ms="34" status="PASS">
          <reporter-output>
          </reporter-output>
        </test-method> <!-- elementUi -->
      </class> <!-- mavenintroduction.Mavenjava.SeleniumTest -->
      <class name="mavenintroduction.Mavenjava.RestApiTest">
        <test-method signature="deleteTwitter()[pri:0, instance:mavenintroduction.Mavenjava.RestApiTest@16e7dcfd]" started-at="2020-06-24T21:30:29 SGT" name="deleteTwitter" finished-at="2020-06-24T21:30:29 SGT" duration-ms="4" status="PASS">
          <reporter-output>
          </reporter-output>
        </test-method> <!-- deleteTwitter -->
        <test-method signature="postJeera()[pri:0, instance:mavenintroduction.Mavenjava.RestApiTest@16e7dcfd]" started-at="2020-06-24T21:30:29 SGT" name="postJeera" finished-at="2020-06-24T21:30:29 SGT" duration-ms="6" status="PASS">
          <reporter-output>
          </reporter-output>
        </test-method> <!-- postJeera -->
      </class> <!-- mavenintroduction.Mavenjava.RestApiTest -->
      <class name="mavenintroduction.Mavenjava.AppiumTest">
        <test-method signature="iosApps()[pri:0, instance:mavenintroduction.Mavenjava.AppiumTest@222114ba]" started-at="2020-06-24T21:30:29 SGT" name="iosApps" finished-at="2020-06-24T21:30:29 SGT" duration-ms="4" status="PASS">
          <reporter-output>
          </reporter-output>
        </test-method> <!-- iosApps -->
        <test-method signature="nativeAppAndroid()[pri:0, instance:mavenintroduction.Mavenjava.AppiumTest@222114ba]" started-at="2020-06-24T21:30:29 SGT" name="nativeAppAndroid" finished-at="2020-06-24T21:30:29 SGT" duration-ms="2" status="PASS">
          <reporter-output>
          </reporter-output>
        </test-method> <!-- nativeAppAndroid -->
      </class> <!-- mavenintroduction.Mavenjava.AppiumTest -->
    </test> <!-- Test -->
  </suite> <!-- Suite -->
</testng-results>
